c:\users\zhiwen\desktop\c\qtgui2\x64\debug\main.obj
c:\users\zhiwen\desktop\c\qtgui2\x64\debug\read2.obj
c:\users\zhiwen\desktop\c\qtgui2\x64\debug\twittermodel.obj
c:\users\zhiwen\desktop\c\qtgui2\x64\debug\drilldownchart.obj
c:\users\zhiwen\desktop\c\qtgui2\x64\debug\sentimentmainwindow.obj
c:\users\zhiwen\desktop\c\qtgui2\x64\debug\cnamodel.obj
c:\users\zhiwen\desktop\c\qtgui2\x64\debug\covid19model.obj
c:\users\zhiwen\desktop\c\qtgui2\x64\debug\drilldownslice.obj
c:\users\zhiwen\desktop\c\qtgui2\x64\debug\moc_covid19model.obj
c:\users\zhiwen\desktop\c\qtgui2\x64\debug\moc_mainwindow.obj
c:\users\zhiwen\desktop\c\qtgui2\x64\debug\moc_sentimentmainwindow.obj
c:\users\zhiwen\desktop\c\qtgui2\x64\debug\moc_cnamodel.obj
c:\users\zhiwen\desktop\c\qtgui2\x64\debug\moc_twittermodel.obj
c:\users\zhiwen\desktop\c\qtgui2\x64\debug\vc142.pdb
c:\users\zhiwen\desktop\c\qtgui2\x64\debug\mainwindow.obj
c:\users\zhiwen\desktop\c\qtgui2\debug\moc_predefs.h
c:\users\zhiwen\desktop\c\qtgui2\debug\moc_cnamodel.cpp
c:\users\zhiwen\desktop\c\qtgui2\debug\moc_sentimentmainwindow.cpp
c:\users\zhiwen\desktop\c\qtgui2\debug\moc_twittermodel.cpp
c:\users\zhiwen\desktop\c\qtgui2\debug\moc_covid19model.cpp
c:\users\zhiwen\desktop\c\qtgui2\debug\moc_drilldownchart.cpp
c:\users\zhiwen\desktop\c\qtgui2\debug\moc_drilldownslice.cpp
c:\users\zhiwen\desktop\c\qtgui2\debug\moc_mainwindow.cpp
c:\users\zhiwen\desktop\c\qtgui2\ui_sentimentmainwindow.h
c:\users\zhiwen\desktop\c\qtgui2\ui_mainwindow.h
c:\users\zhiwen\desktop\c\qtgui2\x64\debug\vcpkg.applocal.log
c:\users\zhiwen\desktop\c\qtgui2\x64\debug\qtgui2.tlog\cl.command.1.tlog
c:\users\zhiwen\desktop\c\qtgui2\x64\debug\qtgui2.tlog\cl.read.1.tlog
c:\users\zhiwen\desktop\c\qtgui2\x64\debug\qtgui2.tlog\cl.write.1.tlog
c:\users\zhiwen\desktop\c\qtgui2\x64\debug\qtgui2.tlog\custombuild.command.1.tlog
c:\users\zhiwen\desktop\c\qtgui2\x64\debug\qtgui2.tlog\custombuild.read.1.tlog
c:\users\zhiwen\desktop\c\qtgui2\x64\debug\qtgui2.tlog\custombuild.write.1.tlog
c:\users\zhiwen\desktop\c\qtgui2\x64\debug\qtgui2.tlog\link.12424-cvtres.read.1.tlog
c:\users\zhiwen\desktop\c\qtgui2\x64\debug\qtgui2.tlog\link.12424-cvtres.write.1.tlog
c:\users\zhiwen\desktop\c\qtgui2\x64\debug\qtgui2.tlog\link.12424-rc.read.1.tlog
c:\users\zhiwen\desktop\c\qtgui2\x64\debug\qtgui2.tlog\link.12424-rc.write.1.tlog
c:\users\zhiwen\desktop\c\qtgui2\x64\debug\qtgui2.tlog\link.12424.delete.1.tlog
c:\users\zhiwen\desktop\c\qtgui2\x64\debug\qtgui2.tlog\link.12424.read.1.tlog
c:\users\zhiwen\desktop\c\qtgui2\x64\debug\qtgui2.tlog\link.12424.write.1.tlog
c:\users\zhiwen\desktop\c\qtgui2\x64\debug\qtgui2.tlog\link.command.1.tlog
c:\users\zhiwen\desktop\c\qtgui2\x64\debug\qtgui2.tlog\link.delete.1.tlog
c:\users\zhiwen\desktop\c\qtgui2\x64\debug\qtgui2.tlog\link.read.1.tlog
c:\users\zhiwen\desktop\c\qtgui2\x64\debug\qtgui2.tlog\link.write.1.tlog
c:\users\zhiwen\desktop\c\qtgui2\x64\debug\qtgui2.tlog\moc.read.1u.tlog
c:\users\zhiwen\desktop\c\qtgui2\x64\debug\qtgui2.tlog\moc.write.1u.tlog
c:\users\zhiwen\desktop\c\qtgui2\x64\debug\qtgui2.tlog\qtgui2.write.1u.tlog
c:\users\zhiwen\desktop\c\qtgui2\x64\debug\qtgui2.tlog\uic.read.1u.tlog
c:\users\zhiwen\desktop\c\qtgui2\x64\debug\qtgui2.tlog\uic.write.1u.tlog
